// 重构日志: a023f589
// 重构日志: dd3136ff
// 重构日志: 164e6fbe
// 重构日志: 9dbdc14a
// 重构日志: 7014c5f7
// 同步 ID: 8908d881 @ Wed Jul  8 11:03:33 UTC 2026
// 重构日志: 9a945206
// 同步 ID: 97db19e8 @ Thu Jul  9 04:29:54 UTC 2026
// 重构日志: fc2bcf37
// 重构日志: 4e3a6743
// 重构日志: 966a14f5
// 重构日志: e5084ab8
// 重构日志: 5e5aa5ac
// 同步 ID: 194bea74 @ Sat Jul 11 14:42:58 UTC 2026
// 同步 ID: 88481140 @ Sun Jul 12 16:10:43 UTC 2026
// 重构日志: f3bfeb30
// 重构日志: c3dd433d
// 重构日志: a099513e
// 重构日志: 51456bc9
// 重构日志: 3be7df25
// 同步 ID: 3cef32db @ Sat Jul 18 08:40:13 UTC 2026
// 重构日志: b6fb6e9f
// 重构日志: b18ef13c
// 同步 ID: 0951e3e3 @ Mon Jul 20 17:28:01 UTC 2026
// 同步 ID: 3134bf27 @ Tue Jul 21 08:25:29 UTC 2026
// 同步 ID: da5856e8 @ Tue Jul 21 13:15:53 UTC 2026
// 同步 ID: da3914db @ Thu Jul 23 07:59:36 UTC 2026
// 同步 ID: 8d471784 @ Thu Jul 23 11:00:17 UTC 2026
// 重构日志: 7cef443c
// 同步 ID: 7b1c7a0d @ Fri Jul 24 13:27:48 UTC 2026
